<?xml version="1.0" encoding="UTF-8"?>
<testsuite xmlns:xsi="http://www.w3.org/2001/XMLSchema-instance" xsi:noNamespaceSchemaLocation="https://maven.apache.org/surefire/maven-surefire-plugin/xsd/surefire-test-report.xsd" name="com.ph.SpringbootJdbcApplicationTests" time="3.132" tests="1" errors="0" skipped="0" failures="0">
  <properties>
    <property name="sun.desktop" value="windows"/>
    <property name="awt.toolkit" value="sun.awt.windows.WToolkit"/>
    <property name="file.encoding.pkg" value="sun.io"/>
    <property name="java.specification.version" value="1.8"/>
    <property name="sun.cpu.isalist" value="amd64"/>
    <property name="sun.jnu.encoding" value="GBK"/>
    <property name="java.class.path" value="C:\d\sources\springboot-learn\springboot-jdbc\target\test-classes;C:\d\sources\springboot-learn\springboot-jdbc\target\classes;C:\d\Program Files\repository\org\springframework\boot\spring-boot-starter-jdbc\2.3.2.RELEASE\spring-boot-starter-jdbc-2.3.2.RELEASE.jar;C:\d\Program Files\repository\org\springframework\boot\spring-boot-starter\2.3.2.RELEASE\spring-boot-starter-2.3.2.RELEASE.jar;C:\d\Program Files\repository\org\springframework\boot\spring-boot\2.3.2.RELEASE\spring-boot-2.3.2.RELEASE.jar;C:\d\Program Files\repository\org\springframework\boot\spring-boot-autoconfigure\2.3.2.RELEASE\spring-boot-autoconfigure-2.3.2.RELEASE.jar;C:\d\Program Files\repository\org\springframework\boot\spring-boot-starter-logging\2.3.2.RELEASE\spring-boot-starter-logging-2.3.2.RELEASE.jar;C:\d\Program Files\repository\ch\qos\logback\logback-classic\1.2.3\logback-classic-1.2.3.jar;C:\d\Program Files\repository\ch\qos\logback\logback-core\1.2.3\logback-core-1.2.3.jar;C:\d\Program Files\repository\org\apache\logging\log4j\log4j-to-slf4j\2.13.3\log4j-to-slf4j-2.13.3.jar;C:\d\Program Files\repository\org\apache\logging\log4j\log4j-api\2.13.3\log4j-api-2.13.3.jar;C:\d\Program Files\repository\org\slf4j\jul-to-slf4j\1.7.30\jul-to-slf4j-1.7.30.jar;C:\d\Program Files\repository\jakarta\annotation\jakarta.annotation-api\1.3.5\jakarta.annotation-api-1.3.5.jar;C:\d\Program Files\repository\org\yaml\snakeyaml\1.26\snakeyaml-1.26.jar;C:\d\Program Files\repository\com\zaxxer\HikariCP\3.4.5\HikariCP-3.4.5.jar;C:\d\Program Files\repository\org\slf4j\slf4j-api\1.7.30\slf4j-api-1.7.30.jar;C:\d\Program Files\repository\org\springframework\spring-jdbc\5.2.8.RELEASE\spring-jdbc-5.2.8.RELEASE.jar;C:\d\Program Files\repository\org\springframework\spring-beans\5.2.8.RELEASE\spring-beans-5.2.8.RELEASE.jar;C:\d\Program Files\repository\org\springframework\spring-tx\5.2.8.RELEASE\spring-tx-5.2.8.RELEASE.jar;C:\d\Program Files\repository\org\springframework\boot\spring-boot-starter-web\2.3.2.RELEASE\spring-boot-starter-web-2.3.2.RELEASE.jar;C:\d\Program Files\repository\org\springframework\boot\spring-boot-starter-json\2.3.2.RELEASE\spring-boot-starter-json-2.3.2.RELEASE.jar;C:\d\Program Files\repository\com\fasterxml\jackson\core\jackson-databind\2.11.1\jackson-databind-2.11.1.jar;C:\d\Program Files\repository\com\fasterxml\jackson\core\jackson-annotations\2.11.1\jackson-annotations-2.11.1.jar;C:\d\Program Files\repository\com\fasterxml\jackson\core\jackson-core\2.11.1\jackson-core-2.11.1.jar;C:\d\Program Files\repository\com\fasterxml\jackson\datatype\jackson-datatype-jdk8\2.11.1\jackson-datatype-jdk8-2.11.1.jar;C:\d\Program Files\repository\com\fasterxml\jackson\datatype\jackson-datatype-jsr310\2.11.1\jackson-datatype-jsr310-2.11.1.jar;C:\d\Program Files\repository\com\fasterxml\jackson\module\jackson-module-parameter-names\2.11.1\jackson-module-parameter-names-2.11.1.jar;C:\d\Program Files\repository\org\springframework\boot\spring-boot-starter-tomcat\2.3.2.RELEASE\spring-boot-starter-tomcat-2.3.2.RELEASE.jar;C:\d\Program Files\repository\org\apache\tomcat\embed\tomcat-embed-core\9.0.37\tomcat-embed-core-9.0.37.jar;C:\d\Program Files\repository\org\glassfish\jakarta.el\3.0.3\jakarta.el-3.0.3.jar;C:\d\Program Files\repository\org\apache\tomcat\embed\tomcat-embed-websocket\9.0.37\tomcat-embed-websocket-9.0.37.jar;C:\d\Program Files\repository\org\springframework\spring-web\5.2.8.RELEASE\spring-web-5.2.8.RELEASE.jar;C:\d\Program Files\repository\org\springframework\spring-webmvc\5.2.8.RELEASE\spring-webmvc-5.2.8.RELEASE.jar;C:\d\Program Files\repository\org\springframework\spring-aop\5.2.8.RELEASE\spring-aop-5.2.8.RELEASE.jar;C:\d\Program Files\repository\org\springframework\spring-context\5.2.8.RELEASE\spring-context-5.2.8.RELEASE.jar;C:\d\Program Files\repository\org\springframework\spring-expression\5.2.8.RELEASE\spring-expression-5.2.8.RELEASE.jar;C:\d\Program Files\repository\mysql\mysql-connector-java\8.0.21\mysql-connector-java-8.0.21.jar;C:\d\Program Files\repository\org\springframework\boot\spring-boot-starter-test\2.3.2.RELEASE\spring-boot-starter-test-2.3.2.RELEASE.jar;C:\d\Program Files\repository\org\springframework\boot\spring-boot-test\2.3.2.RELEASE\spring-boot-test-2.3.2.RELEASE.jar;C:\d\Program Files\repository\org\springframework\boot\spring-boot-test-autoconfigure\2.3.2.RELEASE\spring-boot-test-autoconfigure-2.3.2.RELEASE.jar;C:\d\Program Files\repository\com\jayway\jsonpath\json-path\2.4.0\json-path-2.4.0.jar;C:\d\Program Files\repository\net\minidev\json-smart\2.3\json-smart-2.3.jar;C:\d\Program Files\repository\net\minidev\accessors-smart\1.2\accessors-smart-1.2.jar;C:\d\Program Files\repository\org\ow2\asm\asm\5.0.4\asm-5.0.4.jar;C:\d\Program Files\repository\jakarta\xml\bind\jakarta.xml.bind-api\2.3.3\jakarta.xml.bind-api-2.3.3.jar;C:\d\Program Files\repository\jakarta\activation\jakarta.activation-api\1.2.2\jakarta.activation-api-1.2.2.jar;C:\d\Program Files\repository\org\assertj\assertj-core\3.16.1\assertj-core-3.16.1.jar;C:\d\Program Files\repository\org\hamcrest\hamcrest\2.2\hamcrest-2.2.jar;C:\d\Program Files\repository\org\junit\jupiter\junit-jupiter\5.6.2\junit-jupiter-5.6.2.jar;C:\d\Program Files\repository\org\junit\jupiter\junit-jupiter-api\5.6.2\junit-jupiter-api-5.6.2.jar;C:\d\Program Files\repository\org\opentest4j\opentest4j\1.2.0\opentest4j-1.2.0.jar;C:\d\Program Files\repository\org\junit\platform\junit-platform-commons\1.6.2\junit-platform-commons-1.6.2.jar;C:\d\Program Files\repository\org\junit\jupiter\junit-jupiter-params\5.6.2\junit-jupiter-params-5.6.2.jar;C:\d\Program Files\repository\org\junit\jupiter\junit-jupiter-engine\5.6.2\junit-jupiter-engine-5.6.2.jar;C:\d\Program Files\repository\org\junit\vintage\junit-vintage-engine\5.6.2\junit-vintage-engine-5.6.2.jar;C:\d\Program Files\repository\org\apiguardian\apiguardian-api\1.1.0\apiguardian-api-1.1.0.jar;C:\d\Program Files\repository\org\junit\platform\junit-platform-engine\1.6.2\junit-platform-engine-1.6.2.jar;C:\d\Program Files\repository\org\mockito\mockito-core\3.3.3\mockito-core-3.3.3.jar;C:\d\Program Files\repository\net\bytebuddy\byte-buddy\1.10.13\byte-buddy-1.10.13.jar;C:\d\Program Files\repository\net\bytebuddy\byte-buddy-agent\1.10.13\byte-buddy-agent-1.10.13.jar;C:\d\Program Files\repository\org\objenesis\objenesis\2.6\objenesis-2.6.jar;C:\d\Program Files\repository\org\mockito\mockito-junit-jupiter\3.3.3\mockito-junit-jupiter-3.3.3.jar;C:\d\Program Files\repository\org\skyscreamer\jsonassert\1.5.0\jsonassert-1.5.0.jar;C:\d\Program Files\repository\com\vaadin\external\google\android-json\0.0.20131108.vaadin1\android-json-0.0.20131108.vaadin1.jar;C:\d\Program Files\repository\org\springframework\spring-core\5.2.8.RELEASE\spring-core-5.2.8.RELEASE.jar;C:\d\Program Files\repository\org\springframework\spring-jcl\5.2.8.RELEASE\spring-jcl-5.2.8.RELEASE.jar;C:\d\Program Files\repository\org\springframework\spring-test\5.2.8.RELEASE\spring-test-5.2.8.RELEASE.jar;C:\d\Program Files\repository\org\xmlunit\xmlunit-core\2.7.0\xmlunit-core-2.7.0.jar;C:\d\Program Files\repository\com\alibaba\druid\1.1.10\druid-1.1.10.jar;C:\d\Program Files\repository\log4j\log4j\1.2.17\log4j-1.2.17.jar;C:\d\Program Files\repository\junit\junit\4.13\junit-4.13.jar;C:\d\Program Files\repository\org\hamcrest\hamcrest-core\2.2\hamcrest-core-2.2.jar;"/>
    <property name="java.vm.vendor" value="Oracle Corporation"/>
    <property name="sun.arch.data.model" value="64"/>
    <property name="user.variant" value=""/>
    <property name="java.vendor.url" value="http://java.oracle.com/"/>
    <property name="user.timezone" value="Asia/Shanghai"/>
    <property name="java.vm.specification.version" value="1.8"/>
    <property name="os.name" value="Windows 10"/>
    <property name="user.country" value="CN"/>
    <property name="sun.java.launcher" value="SUN_STANDARD"/>
    <property name="sun.boot.library.path" value="C:\d\Program Files\Java\jdk1.8.0_131\jre\bin"/>
    <property name="sun.java.command" value="C:\Users\sk\AppData\Local\Temp\surefire1473723340143369194\surefirebooter8498711388046513260.jar C:\Users\sk\AppData\Local\Temp\surefire1473723340143369194 2020-10-31T20-39-15_154-jvmRun1 surefire5550549905570228908tmp surefire_03516925429299061917tmp"/>
    <property name="surefire.test.class.path" value="C:\d\sources\springboot-learn\springboot-jdbc\target\test-classes;C:\d\sources\springboot-learn\springboot-jdbc\target\classes;C:\d\Program Files\repository\org\springframework\boot\spring-boot-starter-jdbc\2.3.2.RELEASE\spring-boot-starter-jdbc-2.3.2.RELEASE.jar;C:\d\Program Files\repository\org\springframework\boot\spring-boot-starter\2.3.2.RELEASE\spring-boot-starter-2.3.2.RELEASE.jar;C:\d\Program Files\repository\org\springframework\boot\spring-boot\2.3.2.RELEASE\spring-boot-2.3.2.RELEASE.jar;C:\d\Program Files\repository\org\springframework\boot\spring-boot-autoconfigure\2.3.2.RELEASE\spring-boot-autoconfigure-2.3.2.RELEASE.jar;C:\d\Program Files\repository\org\springframework\boot\spring-boot-starter-logging\2.3.2.RELEASE\spring-boot-starter-logging-2.3.2.RELEASE.jar;C:\d\Program Files\repository\ch\qos\logback\logback-classic\1.2.3\logback-classic-1.2.3.jar;C:\d\Program Files\repository\ch\qos\logback\logback-core\1.2.3\logback-core-1.2.3.jar;C:\d\Program Files\repository\org\apache\logging\log4j\log4j-to-slf4j\2.13.3\log4j-to-slf4j-2.13.3.jar;C:\d\Program Files\repository\org\apache\logging\log4j\log4j-api\2.13.3\log4j-api-2.13.3.jar;C:\d\Program Files\repository\org\slf4j\jul-to-slf4j\1.7.30\jul-to-slf4j-1.7.30.jar;C:\d\Program Files\repository\jakarta\annotation\jakarta.annotation-api\1.3.5\jakarta.annotation-api-1.3.5.jar;C:\d\Program Files\repository\org\yaml\snakeyaml\1.26\snakeyaml-1.26.jar;C:\d\Program Files\repository\com\zaxxer\HikariCP\3.4.5\HikariCP-3.4.5.jar;C:\d\Program Files\repository\org\slf4j\slf4j-api\1.7.30\slf4j-api-1.7.30.jar;C:\d\Program Files\repository\org\springframework\spring-jdbc\5.2.8.RELEASE\spring-jdbc-5.2.8.RELEASE.jar;C:\d\Program Files\repository\org\springframework\spring-beans\5.2.8.RELEASE\spring-beans-5.2.8.RELEASE.jar;C:\d\Program Files\repository\org\springframework\spring-tx\5.2.8.RELEASE\spring-tx-5.2.8.RELEASE.jar;C:\d\Program Files\repository\org\springframework\boot\spring-boot-starter-web\2.3.2.RELEASE\spring-boot-starter-web-2.3.2.RELEASE.jar;C:\d\Program Files\repository\org\springframework\boot\spring-boot-starter-json\2.3.2.RELEASE\spring-boot-starter-json-2.3.2.RELEASE.jar;C:\d\Program Files\repository\com\fasterxml\jackson\core\jackson-databind\2.11.1\jackson-databind-2.11.1.jar;C:\d\Program Files\repository\com\fasterxml\jackson\core\jackson-annotations\2.11.1\jackson-annotations-2.11.1.jar;C:\d\Program Files\repository\com\fasterxml\jackson\core\jackson-core\2.11.1\jackson-core-2.11.1.jar;C:\d\Program Files\repository\com\fasterxml\jackson\datatype\jackson-datatype-jdk8\2.11.1\jackson-datatype-jdk8-2.11.1.jar;C:\d\Program Files\repository\com\fasterxml\jackson\datatype\jackson-datatype-jsr310\2.11.1\jackson-datatype-jsr310-2.11.1.jar;C:\d\Program Files\repository\com\fasterxml\jackson\module\jackson-module-parameter-names\2.11.1\jackson-module-parameter-names-2.11.1.jar;C:\d\Program Files\repository\org\springframework\boot\spring-boot-starter-tomcat\2.3.2.RELEASE\spring-boot-starter-tomcat-2.3.2.RELEASE.jar;C:\d\Program Files\repository\org\apache\tomcat\embed\tomcat-embed-core\9.0.37\tomcat-embed-core-9.0.37.jar;C:\d\Program Files\repository\org\glassfish\jakarta.el\3.0.3\jakarta.el-3.0.3.jar;C:\d\Program Files\repository\org\apache\tomcat\embed\tomcat-embed-websocket\9.0.37\tomcat-embed-websocket-9.0.37.jar;C:\d\Program Files\repository\org\springframework\spring-web\5.2.8.RELEASE\spring-web-5.2.8.RELEASE.jar;C:\d\Program Files\repository\org\springframework\spring-webmvc\5.2.8.RELEASE\spring-webmvc-5.2.8.RELEASE.jar;C:\d\Program Files\repository\org\springframework\spring-aop\5.2.8.RELEASE\spring-aop-5.2.8.RELEASE.jar;C:\d\Program Files\repository\org\springframework\spring-context\5.2.8.RELEASE\spring-context-5.2.8.RELEASE.jar;C:\d\Program Files\repository\org\springframework\spring-expression\5.2.8.RELEASE\spring-expression-5.2.8.RELEASE.jar;C:\d\Program Files\repository\mysql\mysql-connector-java\8.0.21\mysql-connector-java-8.0.21.jar;C:\d\Program Files\repository\org\springframework\boot\spring-boot-starter-test\2.3.2.RELEASE\spring-boot-starter-test-2.3.2.RELEASE.jar;C:\d\Program Files\repository\org\springframework\boot\spring-boot-test\2.3.2.RELEASE\spring-boot-test-2.3.2.RELEASE.jar;C:\d\Program Files\repository\org\springframework\boot\spring-boot-test-autoconfigure\2.3.2.RELEASE\spring-boot-test-autoconfigure-2.3.2.RELEASE.jar;C:\d\Program Files\repository\com\jayway\jsonpath\json-path\2.4.0\json-path-2.4.0.jar;C:\d\Program Files\repository\net\minidev\json-smart\2.3\json-smart-2.3.jar;C:\d\Program Files\repository\net\minidev\accessors-smart\1.2\accessors-smart-1.2.jar;C:\d\Program Files\repository\org\ow2\asm\asm\5.0.4\asm-5.0.4.jar;C:\d\Program Files\repository\jakarta\xml\bind\jakarta.xml.bind-api\2.3.3\jakarta.xml.bind-api-2.3.3.jar;C:\d\Program Files\repository\jakarta\activation\jakarta.activation-api\1.2.2\jakarta.activation-api-1.2.2.jar;C:\d\Program Files\repository\org\assertj\assertj-core\3.16.1\assertj-core-3.16.1.jar;C:\d\Program Files\repository\org\hamcrest\hamcrest\2.2\hamcrest-2.2.jar;C:\d\Program Files\repository\org\junit\jupiter\junit-jupiter\5.6.2\junit-jupiter-5.6.2.jar;C:\d\Program Files\repository\org\junit\jupiter\junit-jupiter-api\5.6.2\junit-jupiter-api-5.6.2.jar;C:\d\Program Files\repository\org\opentest4j\opentest4j\1.2.0\opentest4j-1.2.0.jar;C:\d\Program Files\repository\org\junit\platform\junit-platform-commons\1.6.2\junit-platform-commons-1.6.2.jar;C:\d\Program Files\repository\org\junit\jupiter\junit-jupiter-params\5.6.2\junit-jupiter-params-5.6.2.jar;C:\d\Program Files\repository\org\junit\jupiter\junit-jupiter-engine\5.6.2\junit-jupiter-engine-5.6.2.jar;C:\d\Program Files\repository\org\junit\vintage\junit-vintage-engine\5.6.2\junit-vintage-engine-5.6.2.jar;C:\d\Program Files\repository\org\apiguardian\apiguardian-api\1.1.0\apiguardian-api-1.1.0.jar;C:\d\Program Files\repository\org\junit\platform\junit-platform-engine\1.6.2\junit-platform-engine-1.6.2.jar;C:\d\Program Files\repository\org\mockito\mockito-core\3.3.3\mockito-core-3.3.3.jar;C:\d\Program Files\repository\net\bytebuddy\byte-buddy\1.10.13\byte-buddy-1.10.13.jar;C:\d\Program Files\repository\net\bytebuddy\byte-buddy-agent\1.10.13\byte-buddy-agent-1.10.13.jar;C:\d\Program Files\repository\org\objenesis\objenesis\2.6\objenesis-2.6.jar;C:\d\Program Files\repository\org\mockito\mockito-junit-jupiter\3.3.3\mockito-junit-jupiter-3.3.3.jar;C:\d\Program Files\repository\org\skyscreamer\jsonassert\1.5.0\jsonassert-1.5.0.jar;C:\d\Program Files\repository\com\vaadin\external\google\android-json\0.0.20131108.vaadin1\android-json-0.0.20131108.vaadin1.jar;C:\d\Program Files\repository\org\springframework\spring-core\5.2.8.RELEASE\spring-core-5.2.8.RELEASE.jar;C:\d\Program Files\repository\org\springframework\spring-jcl\5.2.8.RELEASE\spring-jcl-5.2.8.RELEASE.jar;C:\d\Program Files\repository\org\springframework\spring-test\5.2.8.RELEASE\spring-test-5.2.8.RELEASE.jar;C:\d\Program Files\repository\org\xmlunit\xmlunit-core\2.7.0\xmlunit-core-2.7.0.jar;C:\d\Program Files\repository\com\alibaba\druid\1.1.10\druid-1.1.10.jar;C:\d\Program Files\repository\log4j\log4j\1.2.17\log4j-1.2.17.jar;C:\d\Program Files\repository\junit\junit\4.13\junit-4.13.jar;C:\d\Program Files\repository\org\hamcrest\hamcrest-core\2.2\hamcrest-core-2.2.jar;"/>
    <property name="sun.cpu.endian" value="little"/>
    <property name="user.home" value="C:\Users\sk"/>
    <property name="user.language" value="zh"/>
    <property name="java.specification.vendor" value="Oracle Corporation"/>
    <property name="java.home" value="C:\d\Program Files\Java\jdk1.8.0_131\jre"/>
    <property name="basedir" value="C:\d\sources\springboot-learn\springboot-jdbc"/>
    <property name="file.separator" value="\"/>
    <property name="line.separator" value="&#10;"/>
    <property name="java.vm.specification.vendor" value="Oracle Corporation"/>
    <property name="java.specification.name" value="Java Platform API Specification"/>
    <property name="java.awt.graphicsenv" value="sun.awt.Win32GraphicsEnvironment"/>
    <property name="surefire.real.class.path" value="C:\Users\sk\AppData\Local\Temp\surefire1473723340143369194\surefirebooter8498711388046513260.jar"/>
    <property name="sun.boot.class.path" value="C:\d\Program Files\Java\jdk1.8.0_131\jre\lib\resources.jar;C:\d\Program Files\Java\jdk1.8.0_131\jre\lib\rt.jar;C:\d\Program Files\Java\jdk1.8.0_131\jre\lib\sunrsasign.jar;C:\d\Program Files\Java\jdk1.8.0_131\jre\lib\jsse.jar;C:\d\Program Files\Java\jdk1.8.0_131\jre\lib\jce.jar;C:\d\Program Files\Java\jdk1.8.0_131\jre\lib\charsets.jar;C:\d\Program Files\Java\jdk1.8.0_131\jre\lib\jfr.jar;C:\d\Program Files\Java\jdk1.8.0_131\jre\classes"/>
    <property name="user.script" value=""/>
    <property name="sun.management.compiler" value="HotSpot 64-Bit Tiered Compilers"/>
    <property name="java.runtime.version" value="1.8.0_131-b11"/>
    <property name="user.name" value="sk"/>
    <property name="path.separator" value=";"/>
    <property name="os.version" value="10.0"/>
    <property name="java.endorsed.dirs" value="C:\d\Program Files\Java\jdk1.8.0_131\jre\lib\endorsed"/>
    <property name="java.runtime.name" value="Java(TM) SE Runtime Environment"/>
    <property name="file.encoding" value="GBK"/>
    <property name="java.vm.name" value="Java HotSpot(TM) 64-Bit Server VM"/>
    <property name="localRepository" value="C:\d\Program Files\repository"/>
    <property name="java.vendor.url.bug" value="http://bugreport.sun.com/bugreport/"/>
    <property name="java.io.tmpdir" value="C:\Users\sk\AppData\Local\Temp\"/>
    <property name="idea.version" value="2017.1.1"/>
    <property name="java.version" value="1.8.0_131"/>
    <property name="user.dir" value="C:\d\sources\springboot-learn\springboot-jdbc"/>
    <property name="os.arch" value="amd64"/>
    <property name="java.vm.specification.name" value="Java Virtual Machine Specification"/>
    <property name="java.awt.printerjob" value="sun.awt.windows.WPrinterJob"/>
    <property name="sun.os.patch.level" value=""/>
    <property name="java.library.path" value="C:\d\Program Files\Java\jdk1.8.0_131\jre\bin;C:\WINDOWS\Sun\Java\bin;C:\WINDOWS\system32;C:\WINDOWS;C:\ProgramData\Oracle\Java\javapath;C:\Windows\system32;C:\Windows;C:\Windows\System32\Wbem;C:\Windows\System32\WindowsPowerShell\v1.0\;C:\Windows\System32\OpenSSH\;C:\Program Files (x86)\NVIDIA Corporation\PhysX\Common;C:\Program Files\NVIDIA Corporation\NVIDIA NvDLISR;&quot;C:\d\Program Files\Java\jdk1.8.0_131\bin;&quot;;C:\d\Program Files\Java\jdk1.8.0_131\jre\bin;C:\Program Files\Git\cmd;C:\WINDOWS\system32;C:\WINDOWS;C:\WINDOWS\System32\Wbem;C:\WINDOWS\System32\WindowsPowerShell\v1.0\;C:\WINDOWS\System32\OpenSSH\;C:\Program Files\Intel\WiFi\bin\;C:\Program Files\Common Files\Intel\WirelessCommon\;C:\d\Program Files\TortoiseSVN\bin;C:\Users\sk\AppData\Local\Microsoft\WindowsApps;C:\Program Files\Bandizip\;C:\Users\sk\AppData\Local\BypassRuntm;%USERPROFILE%\AppData\Local\Microsoft\WindowsApps;;."/>
    <property name="java.vm.info" value="mixed mode"/>
    <property name="java.vendor" value="Oracle Corporation"/>
    <property name="java.vm.version" value="25.131-b11"/>
    <property name="java.ext.dirs" value="C:\d\Program Files\Java\jdk1.8.0_131\jre\lib\ext;C:\WINDOWS\Sun\Java\lib\ext"/>
    <property name="sun.io.unicode.encoding" value="UnicodeLittle"/>
    <property name="maven.repo.local" value="C:\d\Program Files\repository"/>
    <property name="java.class.version" value="52.0"/>
  </properties>
  <testcase name="contextLoads" classname="com.ph.SpringbootJdbcApplicationTests" time="0.661"/>
</testsuite>